[2025-12-13 07:27:18] START SUBSCRIPTION BOOKTICKER
[2025-12-13 07:27:18] START SUBSCRIPTION KLINE_1M
[2025-12-13 07:27:24.837] [DATA] CLOSED | T: 1765581960000 | O: 0.1815900 | C: 0.1815100 | V: 291732
[2025-12-13 07:28:27.049] [DATA] CLOSED | T: 1765582020000 | O: 0.1815100 | C: 0.1808300 | V: 916916
[2025-12-13 07:29:29.473] [DATA] CLOSED | T: 1765582080000 | O: 0.1808400 | C: 0.1800200 | V: 923577
[2025-12-13 07:30:09] START SUBSCRIPTION BOOKTICKER
[2025-12-13 07:30:09] START SUBSCRIPTION KLINE_1M
[2025-12-13 07:30:15] STOP SUBSCRIPTION BOOKTICKER
[2025-12-13 07:30:15] STOP SUBSCRIPTION KLINE_1M
[2025-12-13 07:41:26] START SUBSCRIPTION BOOKTICKER
[2025-12-13 07:41:26] START SUBSCRIPTION KLINE_1M
[2025-12-13 07:42:23.225] [DATA] CLOSED | T: 1765582860000 | O: 0.1808700 | C: 0.1809900 | V: 749237
[2025-12-13 07:43:23.346] [DATA] CLOSED | T: 1765582920000 | O: 0.1810100 | C: 0.1808600 | V: 288340
[2025-12-13 07:43:25] STOP SUBSCRIPTION BOOKTICKER
[2025-12-13 07:43:25] STOP SUBSCRIPTION KLINE_1M
[2025-12-13 07:46:26] START SUBSCRIPTION BOOKTICKER
[2025-12-13 07:46:26] START SUBSCRIPTION KLINE_1M
[2025-12-13 07:47:23.120] [DATA] CLOSED | T: 1765583160000 | O: 0.1800900 | C: 0.1796000 | V: 1261473
[2025-12-13 07:47:26] STOP SUBSCRIPTION BOOKTICKER
[2025-12-13 07:47:26] STOP SUBSCRIPTION KLINE_1M
