2025-12-13 07:03:18,531 - trading_bot - INFO - 已启用: 信号置信度驱动动态杠杆策略
2025-12-13 07:03:18,531 - trading_bot - INFO - 已启用: 趋势反转熔断机制 (三层防御)
2025-12-13 07:03:18,531 - trading_bot - INFO - 已启用: 智能离场模块 (动态追踪 + 保本止损)
2025-12-13 07:03:18,533 - trading_bot - INFO - 正在启动交易机器人...
2025-12-13 07:03:18,533 - trading_bot - INFO - [自检程序] 启动: 尝试使用最小单位做多 ETH/USDT:USDT 测试止损...
2025-12-13 07:03:18,613 - trading_bot - INFO - ETH/USDT:USDT 杠杆设置为 20x
2025-12-13 07:03:18,613 - trading_bot - INFO - [自检程序] 1. 开仓 (Market Buy 0.01 ETH)...
2025-12-13 07:03:18,613 - trading_bot - INFO - 正在提交 BUY MARKET 订单: 0.01 ETH/USDT:USDT...
2025-12-13 07:03:18,819 - trading_bot - INFO - 订单已提交: 8389766049058533779
2025-12-13 07:03:18,819 - trading_bot - INFO - [自检程序] 1.1 设置止损 (Algo) @ 3031.59...
2025-12-13 07:03:18,819 - trading_bot - INFO - 设置强力链上止损 (Algo Endpoint): 触发价 3031.59 (侧: sell)
2025-12-13 07:03:18,819 - trading_bot - INFO - 发送 Algo Order (Manual Sign): ETH/USDT:USDT sell 0.01
2025-12-13 07:03:19,064 - trading_bot - ERROR - Algo Order 失败 (HTTP 400): {"code":-1021,"msg":"Timestamp for this request was 1000ms ahead of the server's time."}
2025-12-13 07:03:21,383 - trading_bot - ERROR - 获取 Algo Orders 失败: {"code":-1021,"msg":"Timestamp for this request was 1000ms ahead of the server's time."}
2025-12-13 07:03:21,383 - trading_bot - INFO - [自检程序] 2. 验证止损单 (Algo/Standard)...
2025-12-13 07:03:21,789 - trading_bot - ERROR - 获取 Algo Orders 失败: {"code":-1021,"msg":"Timestamp for this request was 1000ms ahead of the server's time."}
--- Logging error ---
Traceback (most recent call last):
  File "C:\Users\admin\AppData\Local\Programs\Python\Python39\lib\logging\__init__.py", line 1086, in emit
    stream.write(msg + self.terminator)
UnicodeEncodeError: 'gbk' codec can't encode character '\u26a0' in position 53: illegal multibyte sequence
Call stack:
  File "e:\dikong\eth\main.py", line 1139, in <module>
    bot.start()
  File "e:\dikong\eth\main.py", line 75, in start
    self.run_self_diagnostic()
  File "e:\dikong\eth\main.py", line 154, in run_self_diagnostic
    self.logger.warning(f"   \u26a0\ufe0f 未检测到Algo单，等待重试 ({attempt+1}/3)...")
Message: '   \u26a0\ufe0f 未检测到Algo单，等待重试 (1/3)...'
Arguments: ()
2025-12-13 07:03:21,790 - trading_bot - WARNING -    \u26a0\ufe0f 未检测到Algo单，等待重试 (1/3)...
2025-12-13 07:03:24,243 - trading_bot - ERROR - 获取 Algo Orders 失败: {"code":-1021,"msg":"Timestamp for this request was 1000ms ahead of the server's time."}
--- Logging error ---
Traceback (most recent call last):
  File "C:\Users\admin\AppData\Local\Programs\Python\Python39\lib\logging\__init__.py", line 1086, in emit
    stream.write(msg + self.terminator)
UnicodeEncodeError: 'gbk' codec can't encode character '\u26a0' in position 53: illegal multibyte sequence
Call stack:
  File "e:\dikong\eth\main.py", line 1139, in <module>
    bot.start()
  File "e:\dikong\eth\main.py", line 75, in start
    self.run_self_diagnostic()
  File "e:\dikong\eth\main.py", line 154, in run_self_diagnostic
    self.logger.warning(f"   \u26a0\ufe0f 未检测到Algo单，等待重试 ({attempt+1}/3)...")
Message: '   \u26a0\ufe0f 未检测到Algo单，等待重试 (2/3)...'
Arguments: ()
2025-12-13 07:03:24,243 - trading_bot - WARNING -    \u26a0\ufe0f 未检测到Algo单，等待重试 (2/3)...
2025-12-13 07:03:26,501 - trading_bot - ERROR - 获取 Algo Orders 失败: {"code":-1021,"msg":"Timestamp for this request was 1000ms ahead of the server's time."}
--- Logging error ---
Traceback (most recent call last):
  File "C:\Users\admin\AppData\Local\Programs\Python\Python39\lib\logging\__init__.py", line 1086, in emit
    stream.write(msg + self.terminator)
UnicodeEncodeError: 'gbk' codec can't encode character '\u274c' in position 48: illegal multibyte sequence
Call stack:
  File "e:\dikong\eth\main.py", line 1139, in <module>
    bot.start()
  File "e:\dikong\eth\main.py", line 75, in start
    self.run_self_diagnostic()
  File "e:\dikong\eth\main.py", line 158, in run_self_diagnostic
    self.logger.error("\u274c [自检失败] 未检测到止损单! 系统将紧急平仓并退出")
Message: '\u274c [自检失败] 未检测到止损单! 系统将紧急平仓并退出'
Arguments: ()
2025-12-13 07:03:26,501 - trading_bot - ERROR - \u274c [自检失败] 未检测到止损单! 系统将紧急平仓并退出
2025-12-13 07:03:26,820 - trading_bot - ERROR - 获取 Algo Orders 失败: {"code":-1021,"msg":"Timestamp for this request was 1000ms ahead of the server's time."}
2025-12-13 07:03:26,820 - trading_bot - INFO - 已撤销 ETH/USDT:USDT 所有挂单 (Standard + Algo)
2025-12-13 07:03:26,820 - trading_bot - INFO - 正在提交 SELL MARKET 订单: 0.01 ETH/USDT:USDT...
2025-12-13 07:03:27,135 - trading_bot - INFO - 订单已提交: 8389766049058667505
Time difference: 23106ms
Loaded leverage limits for 648 symbols
Time difference: 23106ms
Loaded leverage limits for 648 symbols
