nohup: ignoring input
2025-12-11 20:19:40,428 - trading_bot - INFO - 📊 已启用: 信号置信度驱动动态杠杆策略
2025-12-11 20:19:40,429 - trading_bot - INFO - 🛡️ 已启用: 趋势反转熔断机制 (三层防御)
2025-12-11 20:19:40,429 - trading_bot - INFO - 🧠 已启用: 智能离场模块 (动态追踪 + 保本止损)
2025-12-11 20:19:40,430 - trading_bot - INFO - 正在启动交易机器人...
2025-12-11 20:19:40,430 - trading_bot - INFO - 🧪 [自检程序] 启动: 尝试使用最小单位做多 ETH/USDT:USDT 测试止损...
2025-12-11 20:19:40,489 - trading_bot - INFO - ETH/USDT:USDT 杠杆设置为 20x
2025-12-11 20:19:40,489 - trading_bot - INFO - 🧪 [自检程序] 1. 开仓 (Market Buy 0.01 ETH)...
2025-12-11 20:19:40,490 - trading_bot - INFO - 正在提交 BUY MARKET 订单: 0.01 ETH/USDT:USDT...
2025-12-11 20:19:40,692 - trading_bot - INFO - 订单已提交: 8389766047632092862
2025-12-11 20:19:40,692 - trading_bot - INFO - 🧪 [自检程序] 1.1 设置止损 (Algo) @ 3158.1...
2025-12-11 20:19:40,692 - trading_bot - INFO - 🛡️ 设置强力链上止损 (Algo Endpoint): 触发价 3158.1 (侧: sell)
2025-12-11 20:19:40,693 - trading_bot - INFO - 🚀 发送 Algo Order (Manual Sign): ETH/USDT:USDT sell 0.01
2025-12-11 20:19:40,906 - trading_bot - INFO - ✅ Algo Order 成功: ID k1t0Df3koTPRozx8MXWQpa
2025-12-11 20:19:43,909 - trading_bot - INFO - 🧪 [自检程序] 2. 验证止损单 (Algo/Standard)...
2025-12-11 20:19:44,193 - trading_bot - INFO -    ✅ [Algo接口] 发现止损单: ID k1t0Df3koTPRozx8MXWQpa @ 3158.10
2025-12-11 20:19:44,194 - trading_bot - INFO - ✅ [自检成功] 止损功能正常
2025-12-11 20:19:44,194 - trading_bot - INFO - 🧪 [自检程序] 3. 模拟移动止盈逻辑 (Code Logic Verification)...
2025-12-11 20:19:44,194 - trading_bot - INFO -    ✅ 逻辑验证 A: 最高价更新正常 (2000 -> 3000)
2025-12-11 20:19:44,194 - trading_bot - INFO -    ✅ 逻辑验证 B: 移动止盈触发正常 (Smart Trailing (Max 1000%))
2025-12-11 20:19:44,194 - trading_bot - INFO - 🧪 [自检程序] 4. 平仓清理 (Closing Real Trade)...
2025-12-11 20:19:44,459 - trading_bot - INFO - 正在撤销 1 个 Algo 订单...
2025-12-11 20:19:44,684 - trading_bot - INFO - ✅ 撤销 Algo Order 1000000034192090 成功
2025-12-11 20:19:44,689 - trading_bot - INFO - 已撤销 ETH/USDT:USDT 所有挂单 (Standard + Algo)
2025-12-11 20:19:44,691 - trading_bot - INFO - 正在提交 SELL MARKET 订单: 0.01 ETH/USDT:USDT...
2025-12-11 20:19:44,751 - trading_bot - INFO - 订单已提交: 8389766047632105908
2025-12-11 20:19:44,963 - trading_bot - INFO - ✅ [自检完成] 交易功能 & 核心逻辑验证通过
2025-12-11 20:19:46,052 - trading_bot - INFO - 🔄 每日列表更新 (UTC 2025-12-11): 重新计算 Top 200 成交量排名...
2025-12-11 20:19:46,053 - trading_bot - INFO - ✅ 列表更新完成: 598 个币种已排名
2025-12-11 20:19:49,648 - trading_bot - INFO - 新增监控: BEAT/USDT:USDT (Price + Kline 1m)
2025-12-11 20:19:49,649 - trading_bot - INFO - 新增监控: TRUTH/USDT:USDT (Price + Kline 1m)
2025-12-11 20:19:49,649 - trading_bot - INFO - 新增监控: LRC/USDT:USDT (Price + Kline 1m)
2025-12-11 20:19:49,649 - trading_bot - INFO - 新增监控: LIGHT/USDT:USDT (Price + Kline 1m)
2025-12-11 20:19:49,649 - trading_bot - INFO - 当前监控列表 (4): ['BEAT/USDT:USDT', 'TRUTH/USDT:USDT', 'LRC/USDT:USDT', 'LIGHT/USDT:USDT']
2025-12-11 20:19:49,654 - trading_bot - INFO - 正在执行启动时历史数据检查...
2025-12-11 20:19:50,121 - trading_bot - INFO - ✗ 信号拒绝: BEAT/USDT:USDT | RSI 55.5 not in [65, 90]
2025-12-11 20:19:50,541 - trading_bot - INFO - ✗ 信号拒绝: TRUTH/USDT:USDT | RSI 39.6 not in [65, 90]
2025-12-11 20:19:50,949 - trading_bot - INFO - ✗ 信号拒绝: LRC/USDT:USDT | RSI 63.8 not in [65, 90]
2025-12-11 20:19:51,366 - trading_bot - INFO - ✗ 信号拒绝: LIGHT/USDT:USDT | RSI 63.0 not in [65, 90]
2025-12-11 20:19:51,366 - trading_bot - INFO - 启动时检查完成
2025-12-11 20:19:51,367 - trading_bot - INFO - 🔄 [周期扫描] 执行分钟级扫描任务...
2025-12-11 20:19:56,855 - trading_bot - INFO - 当前监控列表 (4): ['BEAT/USDT:USDT', 'TRUTH/USDT:USDT', 'LRC/USDT:USDT', 'LIGHT/USDT:USDT']
2025-12-11 20:20:51,534 - trading_bot - INFO - 🔄 [周期扫描] 执行分钟级扫描任务...
2025-12-11 20:20:55,435 - trading_bot - INFO - 新增监控: LUNA2/USDT:USDT (Price + Kline 1m)
2025-12-11 20:20:55,435 - trading_bot - INFO - 当前监控列表 (5): ['LIGHT/USDT:USDT', 'BEAT/USDT:USDT', 'TRUTH/USDT:USDT', 'LRC/USDT:USDT', 'LUNA2/USDT:USDT']
2025-12-11 20:21:51,614 - trading_bot - INFO - 🔄 [周期扫描] 执行分钟级扫描任务...
2025-12-11 20:21:55,583 - trading_bot - INFO - 移除监控: LUNA2/USDT:USDT
2025-12-11 20:21:55,584 - trading_bot - INFO - 当前监控列表 (4): ['LIGHT/USDT:USDT', 'BEAT/USDT:USDT', 'TRUTH/USDT:USDT', 'LRC/USDT:USDT']
2025-12-11 20:22:51,747 - trading_bot - INFO - 🔄 [周期扫描] 执行分钟级扫描任务...
2025-12-11 20:22:55,893 - trading_bot - INFO - 当前监控列表 (4): ['LIGHT/USDT:USDT', 'BEAT/USDT:USDT', 'TRUTH/USDT:USDT', 'LRC/USDT:USDT']
2025-12-11 20:23:51,851 - trading_bot - INFO - 🔄 [周期扫描] 执行分钟级扫描任务...
2025-12-11 20:23:55,848 - trading_bot - INFO - 当前监控列表 (4): ['LIGHT/USDT:USDT', 'BEAT/USDT:USDT', 'TRUTH/USDT:USDT', 'LRC/USDT:USDT']
2025-12-11 20:24:51,930 - trading_bot - INFO - 🔄 [周期扫描] 执行分钟级扫描任务...
2025-12-11 20:24:55,952 - trading_bot - INFO - 当前监控列表 (4): ['LIGHT/USDT:USDT', 'BEAT/USDT:USDT', 'TRUTH/USDT:USDT', 'LRC/USDT:USDT']
2025-12-11 20:25:51,981 - trading_bot - INFO - 🔄 [周期扫描] 执行分钟级扫描任务...
2025-12-11 20:25:55,903 - trading_bot - INFO - 新增监控: JELLYJELLY/USDT:USDT (Price + Kline 1m)
2025-12-11 20:25:55,904 - trading_bot - INFO - 当前监控列表 (5): ['JELLYJELLY/USDT:USDT', 'LIGHT/USDT:USDT', 'BEAT/USDT:USDT', 'TRUTH/USDT:USDT', 'LRC/USDT:USDT']
2025-12-11 20:26:52,002 - trading_bot - INFO - 🔄 [周期扫描] 执行分钟级扫描任务...
2025-12-11 20:26:55,727 - trading_bot - INFO - 当前监控列表 (5): ['JELLYJELLY/USDT:USDT', 'LIGHT/USDT:USDT', 'BEAT/USDT:USDT', 'TRUTH/USDT:USDT', 'LRC/USDT:USDT']
2025-12-11 20:27:52,183 - trading_bot - INFO - 🔄 [周期扫描] 执行分钟级扫描任务...
2025-12-11 20:27:56,078 - trading_bot - INFO - 移除监控: JELLYJELLY/USDT:USDT
2025-12-11 20:27:56,078 - trading_bot - INFO - 当前监控列表 (4): ['LIGHT/USDT:USDT', 'BEAT/USDT:USDT', 'TRUTH/USDT:USDT', 'LRC/USDT:USDT']
2025-12-11 20:28:52,310 - trading_bot - INFO - 🔄 [周期扫描] 执行分钟级扫描任务...
2025-12-11 20:28:56,201 - trading_bot - INFO - 新增监控: JELLYJELLY/USDT:USDT (Price + Kline 1m)
2025-12-11 20:28:56,202 - trading_bot - INFO - 当前监控列表 (5): ['JELLYJELLY/USDT:USDT', 'LIGHT/USDT:USDT', 'BEAT/USDT:USDT', 'TRUTH/USDT:USDT', 'LRC/USDT:USDT']
2025-12-11 20:29:52,464 - trading_bot - INFO - 🔄 [周期扫描] 执行分钟级扫描任务...
2025-12-11 20:29:56,495 - trading_bot - INFO - 当前监控列表 (5): ['JELLYJELLY/USDT:USDT', 'LIGHT/USDT:USDT', 'BEAT/USDT:USDT', 'TRUTH/USDT:USDT', 'LRC/USDT:USDT']
2025-12-11 20:30:52,607 - trading_bot - INFO - 🔄 [周期扫描] 执行分钟级扫描任务...
2025-12-11 20:30:56,704 - trading_bot - INFO - 新增监控: LUNA2/USDT:USDT (Price + Kline 1m)
2025-12-11 20:30:56,704 - trading_bot - INFO - 当前监控列表 (6): ['JELLYJELLY/USDT:USDT', 'LIGHT/USDT:USDT', 'BEAT/USDT:USDT', 'TRUTH/USDT:USDT', 'LRC/USDT:USDT', 'LUNA2/USDT:USDT']
2025-12-11 20:31:52,641 - trading_bot - INFO - 🔄 [周期扫描] 执行分钟级扫描任务...
2025-12-11 20:31:56,636 - trading_bot - INFO - 当前监控列表 (6): ['JELLYJELLY/USDT:USDT', 'LIGHT/USDT:USDT', 'BEAT/USDT:USDT', 'TRUTH/USDT:USDT', 'LRC/USDT:USDT', 'LUNA2/USDT:USDT']
2025-12-11 20:32:52,758 - trading_bot - INFO - 🔄 [周期扫描] 执行分钟级扫描任务...
2025-12-11 20:32:56,956 - trading_bot - INFO - 当前监控列表 (6): ['JELLYJELLY/USDT:USDT', 'LIGHT/USDT:USDT', 'BEAT/USDT:USDT', 'TRUTH/USDT:USDT', 'LRC/USDT:USDT', 'LUNA2/USDT:USDT']
2025-12-11 20:33:52,872 - trading_bot - INFO - 🔄 [周期扫描] 执行分钟级扫描任务...
2025-12-11 20:33:56,811 - trading_bot - INFO - 当前监控列表 (6): ['JELLYJELLY/USDT:USDT', 'LIGHT/USDT:USDT', 'BEAT/USDT:USDT', 'TRUTH/USDT:USDT', 'LRC/USDT:USDT', 'LUNA2/USDT:USDT']
2025-12-11 20:34:52,939 - trading_bot - INFO - 🔄 [周期扫描] 执行分钟级扫描任务...
2025-12-11 20:34:56,834 - trading_bot - INFO - 当前监控列表 (6): ['JELLYJELLY/USDT:USDT', 'LIGHT/USDT:USDT', 'BEAT/USDT:USDT', 'TRUTH/USDT:USDT', 'LRC/USDT:USDT', 'LUNA2/USDT:USDT']
2025-12-11 20:35:52,973 - trading_bot - INFO - 🔄 [周期扫描] 执行分钟级扫描任务...
2025-12-11 20:35:56,784 - trading_bot - INFO - 移除监控: LUNA2/USDT:USDT
2025-12-11 20:35:56,785 - trading_bot - INFO - 当前监控列表 (5): ['JELLYJELLY/USDT:USDT', 'LIGHT/USDT:USDT', 'BEAT/USDT:USDT', 'TRUTH/USDT:USDT', 'LRC/USDT:USDT']
2025-12-11 20:36:53,020 - trading_bot - INFO - 🔄 [周期扫描] 执行分钟级扫描任务...
2025-12-11 20:36:56,981 - trading_bot - INFO - 当前监控列表 (5): ['JELLYJELLY/USDT:USDT', 'LIGHT/USDT:USDT', 'BEAT/USDT:USDT', 'TRUTH/USDT:USDT', 'LRC/USDT:USDT']
2025-12-11 20:37:53,127 - trading_bot - INFO - 🔄 [周期扫描] 执行分钟级扫描任务...
2025-12-11 20:37:57,033 - trading_bot - INFO - 当前监控列表 (5): ['JELLYJELLY/USDT:USDT', 'LIGHT/USDT:USDT', 'BEAT/USDT:USDT', 'TRUTH/USDT:USDT', 'LRC/USDT:USDT']
2025-12-11 20:38:53,309 - trading_bot - INFO - 🔄 [周期扫描] 执行分钟级扫描任务...
2025-12-11 20:38:57,109 - trading_bot - INFO - 当前监控列表 (5): ['JELLYJELLY/USDT:USDT', 'LIGHT/USDT:USDT', 'BEAT/USDT:USDT', 'TRUTH/USDT:USDT', 'LRC/USDT:USDT']
2025-12-11 20:39:53,414 - trading_bot - INFO - 🔄 [周期扫描] 执行分钟级扫描任务...
2025-12-11 20:39:57,338 - trading_bot - INFO - 移除监控: JELLYJELLY/USDT:USDT
2025-12-11 20:39:57,339 - trading_bot - INFO - 当前监控列表 (4): ['LIGHT/USDT:USDT', 'BEAT/USDT:USDT', 'TRUTH/USDT:USDT', 'LRC/USDT:USDT']
2025-12-11 20:40:53,550 - trading_bot - INFO - 🔄 [周期扫描] 执行分钟级扫描任务...
2025-12-11 20:40:57,447 - trading_bot - INFO - 当前监控列表 (4): ['LIGHT/USDT:USDT', 'BEAT/USDT:USDT', 'TRUTH/USDT:USDT', 'LRC/USDT:USDT']
2025-12-11 20:41:53,666 - trading_bot - INFO - 🔄 [周期扫描] 执行分钟级扫描任务...
2025-12-11 20:41:57,381 - trading_bot - INFO - 当前监控列表 (4): ['LIGHT/USDT:USDT', 'BEAT/USDT:USDT', 'TRUTH/USDT:USDT', 'LRC/USDT:USDT']
2025-12-11 20:42:53,785 - trading_bot - INFO - 🔄 [周期扫描] 执行分钟级扫描任务...
2025-12-11 20:42:57,867 - trading_bot - INFO - 新增监控: ZEC/USDT:USDT (Price + Kline 1m)
2025-12-11 20:42:57,867 - trading_bot - INFO - 当前监控列表 (5): ['LIGHT/USDT:USDT', 'BEAT/USDT:USDT', 'TRUTH/USDT:USDT', 'LRC/USDT:USDT', 'ZEC/USDT:USDT']
2025-12-11 20:43:53,941 - trading_bot - INFO - 🔄 [周期扫描] 执行分钟级扫描任务...
2025-12-11 20:43:57,969 - trading_bot - INFO - 当前监控列表 (5): ['LIGHT/USDT:USDT', 'BEAT/USDT:USDT', 'TRUTH/USDT:USDT', 'LRC/USDT:USDT', 'ZEC/USDT:USDT']
2025-12-11 20:44:54,076 - trading_bot - INFO - 🔄 [周期扫描] 执行分钟级扫描任务...
2025-12-11 20:44:58,004 - trading_bot - INFO - 当前监控列表 (5): ['LIGHT/USDT:USDT', 'BEAT/USDT:USDT', 'TRUTH/USDT:USDT', 'LRC/USDT:USDT', 'ZEC/USDT:USDT']
2025-12-11 20:45:54,083 - trading_bot - INFO - 🔄 [周期扫描] 执行分钟级扫描任务...
2025-12-11 20:45:58,089 - trading_bot - INFO - 新增监控: LUNA2/USDT:USDT (Price + Kline 1m)
2025-12-11 20:45:58,090 - trading_bot - INFO - 当前监控列表 (6): ['LIGHT/USDT:USDT', 'BEAT/USDT:USDT', 'TRUTH/USDT:USDT', 'LRC/USDT:USDT', 'LUNA2/USDT:USDT', 'ZEC/USDT:USDT']
2025-12-11 20:46:54,227 - trading_bot - INFO - 🔄 [周期扫描] 执行分钟级扫描任务...
2025-12-11 20:46:58,238 - trading_bot - INFO - 当前监控列表 (6): ['LIGHT/USDT:USDT', 'BEAT/USDT:USDT', 'TRUTH/USDT:USDT', 'LRC/USDT:USDT', 'LUNA2/USDT:USDT', 'ZEC/USDT:USDT']
2025-12-11 20:47:54,239 - trading_bot - INFO - 🔄 [周期扫描] 执行分钟级扫描任务...
2025-12-11 20:47:58,466 - trading_bot - INFO - 当前监控列表 (6): ['LIGHT/USDT:USDT', 'BEAT/USDT:USDT', 'TRUTH/USDT:USDT', 'LRC/USDT:USDT', 'LUNA2/USDT:USDT', 'ZEC/USDT:USDT']
2025-12-11 20:48:54,426 - trading_bot - INFO - 🔄 [周期扫描] 执行分钟级扫描任务...
2025-12-11 20:48:59,127 - trading_bot - INFO - 移除监控: LUNA2/USDT:USDT
2025-12-11 20:48:59,127 - trading_bot - INFO - 当前监控列表 (5): ['LIGHT/USDT:USDT', 'BEAT/USDT:USDT', 'TRUTH/USDT:USDT', 'LRC/USDT:USDT', 'ZEC/USDT:USDT']
2025-12-11 20:49:54,527 - trading_bot - INFO - 🔄 [周期扫描] 执行分钟级扫描任务...
2025-12-11 20:49:58,849 - trading_bot - INFO - 新增监控: POWER/USDT:USDT (Price + Kline 1m)
2025-12-11 20:49:58,850 - trading_bot - INFO - 新增监控: LUNA2/USDT:USDT (Price + Kline 1m)
2025-12-11 20:49:58,851 - trading_bot - INFO - 当前监控列表 (7): ['LIGHT/USDT:USDT', 'POWER/USDT:USDT', 'BEAT/USDT:USDT', 'TRUTH/USDT:USDT', 'LRC/USDT:USDT', 'LUNA2/USDT:USDT', 'ZEC/USDT:USDT']
2025-12-11 20:50:54,650 - trading_bot - INFO - 🔄 [周期扫描] 执行分钟级扫描任务...
2025-12-11 20:50:58,962 - trading_bot - INFO - 当前监控列表 (7): ['LIGHT/USDT:USDT', 'POWER/USDT:USDT', 'BEAT/USDT:USDT', 'TRUTH/USDT:USDT', 'LRC/USDT:USDT', 'LUNA2/USDT:USDT', 'ZEC/USDT:USDT']
2025-12-11 20:51:54,805 - trading_bot - INFO - 🔄 [周期扫描] 执行分钟级扫描任务...
2025-12-11 20:51:59,109 - trading_bot - INFO - 当前监控列表 (7): ['LIGHT/USDT:USDT', 'POWER/USDT:USDT', 'BEAT/USDT:USDT', 'TRUTH/USDT:USDT', 'LRC/USDT:USDT', 'LUNA2/USDT:USDT', 'ZEC/USDT:USDT']
2025-12-11 20:52:54,953 - trading_bot - INFO - 🔄 [周期扫描] 执行分钟级扫描任务...
2025-12-11 20:52:59,256 - trading_bot - INFO - 当前监控列表 (7): ['LIGHT/USDT:USDT', 'POWER/USDT:USDT', 'BEAT/USDT:USDT', 'TRUTH/USDT:USDT', 'LRC/USDT:USDT', 'LUNA2/USDT:USDT', 'ZEC/USDT:USDT']
2025-12-11 20:53:55,128 - trading_bot - INFO - 🔄 [周期扫描] 执行分钟级扫描任务...
2025-12-11 20:53:59,345 - trading_bot - INFO - 移除监控: LUNA2/USDT:USDT
2025-12-11 20:53:59,347 - trading_bot - INFO - 当前监控列表 (6): ['LIGHT/USDT:USDT', 'POWER/USDT:USDT', 'BEAT/USDT:USDT', 'TRUTH/USDT:USDT', 'LRC/USDT:USDT', 'ZEC/USDT:USDT']
2025-12-11 20:54:55,296 - trading_bot - INFO - 🔄 [周期扫描] 执行分钟级扫描任务...
2025-12-11 20:54:59,598 - trading_bot - INFO - 新增监控: LUNA2/USDT:USDT (Price + Kline 1m)
2025-12-11 20:54:59,598 - trading_bot - INFO - 当前监控列表 (7): ['LIGHT/USDT:USDT', 'POWER/USDT:USDT', 'BEAT/USDT:USDT', 'TRUTH/USDT:USDT', 'LRC/USDT:USDT', 'LUNA2/USDT:USDT', 'ZEC/USDT:USDT']
2025-12-11 20:55:55,391 - trading_bot - INFO - 🔄 [周期扫描] 执行分钟级扫描任务...
2025-12-11 20:55:59,710 - trading_bot - INFO - 当前监控列表 (7): ['LIGHT/USDT:USDT', 'POWER/USDT:USDT', 'BEAT/USDT:USDT', 'TRUTH/USDT:USDT', 'LRC/USDT:USDT', 'LUNA2/USDT:USDT', 'ZEC/USDT:USDT']
2025-12-11 20:56:55,530 - trading_bot - INFO - 🔄 [周期扫描] 执行分钟级扫描任务...
2025-12-11 20:56:59,811 - trading_bot - INFO - 移除监控: LUNA2/USDT:USDT
2025-12-11 20:56:59,812 - trading_bot - INFO - 当前监控列表 (6): ['LIGHT/USDT:USDT', 'POWER/USDT:USDT', 'BEAT/USDT:USDT', 'TRUTH/USDT:USDT', 'LRC/USDT:USDT', 'ZEC/USDT:USDT']
2025-12-11 20:57:55,590 - trading_bot - INFO - 🔄 [周期扫描] 执行分钟级扫描任务...
2025-12-11 20:57:59,821 - trading_bot - INFO - 当前监控列表 (6): ['LIGHT/USDT:USDT', 'POWER/USDT:USDT', 'BEAT/USDT:USDT', 'TRUTH/USDT:USDT', 'LRC/USDT:USDT', 'ZEC/USDT:USDT']
2025-12-11 20:58:55,743 - trading_bot - INFO - 🔄 [周期扫描] 执行分钟级扫描任务...
2025-12-11 20:58:59,853 - trading_bot - INFO - 当前监控列表 (6): ['LIGHT/USDT:USDT', 'POWER/USDT:USDT', 'BEAT/USDT:USDT', 'TRUTH/USDT:USDT', 'LRC/USDT:USDT', 'ZEC/USDT:USDT']
2025-12-11 20:59:55,808 - trading_bot - INFO - 🔄 [周期扫描] 执行分钟级扫描任务...
2025-12-11 21:00:00,200 - trading_bot - INFO - 新增监控: LUNA2/USDT:USDT (Price + Kline 1m)
2025-12-11 21:00:00,203 - trading_bot - INFO - 当前监控列表 (7): ['LIGHT/USDT:USDT', 'POWER/USDT:USDT', 'BEAT/USDT:USDT', 'TRUTH/USDT:USDT', 'LRC/USDT:USDT', 'LUNA2/USDT:USDT', 'ZEC/USDT:USDT']
2025-12-11 21:00:55,859 - trading_bot - INFO - 🔄 [周期扫描] 执行分钟级扫描任务...
2025-12-11 21:01:00,064 - trading_bot - INFO - 当前监控列表 (7): ['LIGHT/USDT:USDT', 'POWER/USDT:USDT', 'BEAT/USDT:USDT', 'TRUTH/USDT:USDT', 'LRC/USDT:USDT', 'LUNA2/USDT:USDT', 'ZEC/USDT:USDT']
2025-12-11 21:01:55,871 - trading_bot - INFO - 🔄 [周期扫描] 执行分钟级扫描任务...
2025-12-11 21:02:00,268 - trading_bot - INFO - 移除监控: LUNA2/USDT:USDT
2025-12-11 21:02:00,269 - trading_bot - INFO - 当前监控列表 (6): ['LIGHT/USDT:USDT', 'POWER/USDT:USDT', 'BEAT/USDT:USDT', 'TRUTH/USDT:USDT', 'LRC/USDT:USDT', 'ZEC/USDT:USDT']
2025-12-11 21:02:55,981 - trading_bot - INFO - 🔄 [周期扫描] 执行分钟级扫描任务...
2025-12-11 21:03:00,277 - trading_bot - INFO - 当前监控列表 (6): ['LIGHT/USDT:USDT', 'POWER/USDT:USDT', 'BEAT/USDT:USDT', 'TRUTH/USDT:USDT', 'LRC/USDT:USDT', 'ZEC/USDT:USDT']
2025-12-11 21:03:56,071 - trading_bot - INFO - 🔄 [周期扫描] 执行分钟级扫描任务...
2025-12-11 21:04:00,249 - trading_bot - INFO - 当前监控列表 (6): ['LIGHT/USDT:USDT', 'POWER/USDT:USDT', 'BEAT/USDT:USDT', 'TRUTH/USDT:USDT', 'LRC/USDT:USDT', 'ZEC/USDT:USDT']
2025-12-11 21:04:56,222 - trading_bot - INFO - 🔄 [周期扫描] 执行分钟级扫描任务...
2025-12-11 21:05:00,818 - trading_bot - INFO - 当前监控列表 (6): ['LIGHT/USDT:USDT', 'POWER/USDT:USDT', 'BEAT/USDT:USDT', 'TRUTH/USDT:USDT', 'LRC/USDT:USDT', 'ZEC/USDT:USDT']
2025-12-11 21:05:56,370 - trading_bot - INFO - 🔄 [周期扫描] 执行分钟级扫描任务...
2025-12-11 21:06:00,602 - trading_bot - INFO - 当前监控列表 (6): ['LIGHT/USDT:USDT', 'POWER/USDT:USDT', 'BEAT/USDT:USDT', 'TRUTH/USDT:USDT', 'LRC/USDT:USDT', 'ZEC/USDT:USDT']
2025-12-11 21:06:56,540 - trading_bot - INFO - 🔄 [周期扫描] 执行分钟级扫描任务...
2025-12-11 21:07:00,749 - trading_bot - INFO - 当前监控列表 (6): ['LIGHT/USDT:USDT', 'POWER/USDT:USDT', 'BEAT/USDT:USDT', 'TRUTH/USDT:USDT', 'LRC/USDT:USDT', 'ZEC/USDT:USDT']
2025-12-11 21:07:56,689 - trading_bot - INFO - 🔄 [周期扫描] 执行分钟级扫描任务...
2025-12-11 21:08:00,820 - trading_bot - INFO - 当前监控列表 (6): ['LIGHT/USDT:USDT', 'POWER/USDT:USDT', 'BEAT/USDT:USDT', 'TRUTH/USDT:USDT', 'LRC/USDT:USDT', 'ZEC/USDT:USDT']
2025-12-11 21:08:56,798 - trading_bot - INFO - 🔄 [周期扫描] 执行分钟级扫描任务...
2025-12-11 21:09:00,993 - trading_bot - INFO - 当前监控列表 (6): ['LIGHT/USDT:USDT', 'POWER/USDT:USDT', 'BEAT/USDT:USDT', 'TRUTH/USDT:USDT', 'LRC/USDT:USDT', 'ZEC/USDT:USDT']
2025-12-11 21:09:56,813 - trading_bot - INFO - 🔄 [周期扫描] 执行分钟级扫描任务...
2025-12-11 21:10:01,050 - trading_bot - INFO - 当前监控列表 (6): ['LIGHT/USDT:USDT', 'POWER/USDT:USDT', 'BEAT/USDT:USDT', 'TRUTH/USDT:USDT', 'LRC/USDT:USDT', 'ZEC/USDT:USDT']
2025-12-11 21:10:56,981 - trading_bot - INFO - 🔄 [周期扫描] 执行分钟级扫描任务...
2025-12-11 21:11:01,281 - trading_bot - INFO - 当前监控列表 (6): ['LIGHT/USDT:USDT', 'POWER/USDT:USDT', 'BEAT/USDT:USDT', 'TRUTH/USDT:USDT', 'LRC/USDT:USDT', 'ZEC/USDT:USDT']
2025-12-11 21:11:57,026 - trading_bot - INFO - 🔄 [周期扫描] 执行分钟级扫描任务...
2025-12-11 21:12:01,109 - trading_bot - INFO - 当前监控列表 (6): ['LIGHT/USDT:USDT', 'POWER/USDT:USDT', 'BEAT/USDT:USDT', 'TRUTH/USDT:USDT', 'LRC/USDT:USDT', 'ZEC/USDT:USDT']
2025-12-11 21:12:57,064 - trading_bot - INFO - 🔄 [周期扫描] 执行分钟级扫描任务...
2025-12-11 21:13:01,268 - trading_bot - INFO - 当前监控列表 (6): ['LIGHT/USDT:USDT', 'POWER/USDT:USDT', 'BEAT/USDT:USDT', 'TRUTH/USDT:USDT', 'LRC/USDT:USDT', 'ZEC/USDT:USDT']
2025-12-11 21:13:57,099 - trading_bot - INFO - 🔄 [周期扫描] 执行分钟级扫描任务...
2025-12-11 21:14:01,218 - trading_bot - INFO - 当前监控列表 (6): ['LIGHT/USDT:USDT', 'POWER/USDT:USDT', 'BEAT/USDT:USDT', 'TRUTH/USDT:USDT', 'LRC/USDT:USDT', 'ZEC/USDT:USDT']
2025-12-11 21:14:57,273 - trading_bot - INFO - 🔄 [周期扫描] 执行分钟级扫描任务...
2025-12-11 21:15:01,536 - trading_bot - INFO - 当前监控列表 (6): ['LIGHT/USDT:USDT', 'POWER/USDT:USDT', 'BEAT/USDT:USDT', 'TRUTH/USDT:USDT', 'LRC/USDT:USDT', 'ZEC/USDT:USDT']
2025-12-11 21:15:57,279 - trading_bot - INFO - 🔄 [周期扫描] 执行分钟级扫描任务...
2025-12-11 21:16:01,242 - trading_bot - INFO - 当前监控列表 (6): ['LIGHT/USDT:USDT', 'POWER/USDT:USDT', 'BEAT/USDT:USDT', 'TRUTH/USDT:USDT', 'LRC/USDT:USDT', 'ZEC/USDT:USDT']
2025-12-11 21:16:57,345 - trading_bot - INFO - 🔄 [周期扫描] 执行分钟级扫描任务...
2025-12-11 21:17:01,758 - trading_bot - INFO - 当前监控列表 (6): ['LIGHT/USDT:USDT', 'POWER/USDT:USDT', 'BEAT/USDT:USDT', 'TRUTH/USDT:USDT', 'LRC/USDT:USDT', 'ZEC/USDT:USDT']
2025-12-11 21:17:57,365 - trading_bot - INFO - 🔄 [周期扫描] 执行分钟级扫描任务...
2025-12-11 21:18:01,504 - trading_bot - INFO - 当前监控列表 (6): ['LIGHT/USDT:USDT', 'POWER/USDT:USDT', 'BEAT/USDT:USDT', 'TRUTH/USDT:USDT', 'LRC/USDT:USDT', 'ZEC/USDT:USDT']
2025-12-11 21:18:57,546 - trading_bot - INFO - 🔄 [周期扫描] 执行分钟级扫描任务...
2025-12-11 21:19:01,805 - trading_bot - INFO - 新增监控: LUNA2/USDT:USDT (Price + Kline 1m)
2025-12-11 21:19:01,806 - trading_bot - INFO - 当前监控列表 (7): ['LIGHT/USDT:USDT', 'POWER/USDT:USDT', 'BEAT/USDT:USDT', 'TRUTH/USDT:USDT', 'LRC/USDT:USDT', 'LUNA2/USDT:USDT', 'ZEC/USDT:USDT']
2025-12-11 21:19:57,576 - trading_bot - INFO - 🔄 [周期扫描] 执行分钟级扫描任务...
2025-12-11 21:20:01,849 - trading_bot - INFO - 当前监控列表 (7): ['LIGHT/USDT:USDT', 'POWER/USDT:USDT', 'BEAT/USDT:USDT', 'TRUTH/USDT:USDT', 'LRC/USDT:USDT', 'LUNA2/USDT:USDT', 'ZEC/USDT:USDT']
2025-12-11 21:20:57,742 - trading_bot - INFO - 🔄 [周期扫描] 执行分钟级扫描任务...
2025-12-11 21:21:02,056 - trading_bot - INFO - 当前监控列表 (7): ['LIGHT/USDT:USDT', 'POWER/USDT:USDT', 'BEAT/USDT:USDT', 'TRUTH/USDT:USDT', 'LRC/USDT:USDT', 'LUNA2/USDT:USDT', 'ZEC/USDT:USDT']
2025-12-11 21:21:57,833 - trading_bot - INFO - 🔄 [周期扫描] 执行分钟级扫描任务...
2025-12-11 21:22:02,088 - trading_bot - INFO - 当前监控列表 (7): ['LIGHT/USDT:USDT', 'POWER/USDT:USDT', 'BEAT/USDT:USDT', 'TRUTH/USDT:USDT', 'LRC/USDT:USDT', 'LUNA2/USDT:USDT', 'ZEC/USDT:USDT']
2025-12-11 21:22:57,965 - trading_bot - INFO - 🔄 [周期扫描] 执行分钟级扫描任务...
2025-12-11 21:23:02,222 - trading_bot - INFO - 当前监控列表 (7): ['LIGHT/USDT:USDT', 'POWER/USDT:USDT', 'BEAT/USDT:USDT', 'TRUTH/USDT:USDT', 'LRC/USDT:USDT', 'LUNA2/USDT:USDT', 'ZEC/USDT:USDT']
2025-12-11 21:23:58,127 - trading_bot - INFO - 🔄 [周期扫描] 执行分钟级扫描任务...
2025-12-11 21:24:02,329 - trading_bot - INFO - 当前监控列表 (7): ['LIGHT/USDT:USDT', 'POWER/USDT:USDT', 'BEAT/USDT:USDT', 'TRUTH/USDT:USDT', 'LRC/USDT:USDT', 'LUNA2/USDT:USDT', 'ZEC/USDT:USDT']
2025-12-11 21:24:58,238 - trading_bot - INFO - 🔄 [周期扫描] 执行分钟级扫描任务...
2025-12-11 21:25:02,686 - trading_bot - INFO - 当前监控列表 (7): ['LIGHT/USDT:USDT', 'POWER/USDT:USDT', 'BEAT/USDT:USDT', 'TRUTH/USDT:USDT', 'LRC/USDT:USDT', 'LUNA2/USDT:USDT', 'ZEC/USDT:USDT']
2025-12-11 21:25:58,381 - trading_bot - INFO - 🔄 [周期扫描] 执行分钟级扫描任务...
2025-12-11 21:26:02,461 - trading_bot - INFO - 当前监控列表 (7): ['LIGHT/USDT:USDT', 'POWER/USDT:USDT', 'BEAT/USDT:USDT', 'TRUTH/USDT:USDT', 'LRC/USDT:USDT', 'LUNA2/USDT:USDT', 'ZEC/USDT:USDT']
2025-12-11 21:26:58,481 - trading_bot - INFO - 🔄 [周期扫描] 执行分钟级扫描任务...
2025-12-11 21:27:02,757 - trading_bot - INFO - 当前监控列表 (7): ['LIGHT/USDT:USDT', 'POWER/USDT:USDT', 'BEAT/USDT:USDT', 'TRUTH/USDT:USDT', 'LRC/USDT:USDT', 'LUNA2/USDT:USDT', 'ZEC/USDT:USDT']
2025-12-11 21:27:58,608 - trading_bot - INFO - 🔄 [周期扫描] 执行分钟级扫描任务...
2025-12-11 21:28:03,049 - trading_bot - INFO - 当前监控列表 (7): ['LIGHT/USDT:USDT', 'POWER/USDT:USDT', 'BEAT/USDT:USDT', 'TRUTH/USDT:USDT', 'LRC/USDT:USDT', 'LUNA2/USDT:USDT', 'ZEC/USDT:USDT']
2025-12-11 21:28:58,780 - trading_bot - INFO - 🔄 [周期扫描] 执行分钟级扫描任务...
2025-12-11 21:29:03,316 - trading_bot - INFO - 当前监控列表 (7): ['LIGHT/USDT:USDT', 'POWER/USDT:USDT', 'BEAT/USDT:USDT', 'TRUTH/USDT:USDT', 'LRC/USDT:USDT', 'LUNA2/USDT:USDT', 'ZEC/USDT:USDT']
2025-12-11 21:29:58,890 - trading_bot - INFO - 🔄 [周期扫描] 执行分钟级扫描任务...
2025-12-11 21:30:05,470 - trading_bot - INFO - 当前监控列表 (7): ['LIGHT/USDT:USDT', 'POWER/USDT:USDT', 'BEAT/USDT:USDT', 'TRUTH/USDT:USDT', 'LRC/USDT:USDT', 'LUNA2/USDT:USDT', 'ZEC/USDT:USDT']
2025-12-11 21:30:58,968 - trading_bot - INFO - 🔄 [周期扫描] 执行分钟级扫描任务...
2025-12-11 21:31:04,126 - trading_bot - INFO - 当前监控列表 (7): ['LIGHT/USDT:USDT', 'POWER/USDT:USDT', 'BEAT/USDT:USDT', 'TRUTH/USDT:USDT', 'LRC/USDT:USDT', 'LUNA2/USDT:USDT', 'ZEC/USDT:USDT']
2025-12-11 21:31:59,113 - trading_bot - INFO - 🔄 [周期扫描] 执行分钟级扫描任务...
2025-12-11 21:32:03,436 - trading_bot - INFO - 当前监控列表 (7): ['LIGHT/USDT:USDT', 'POWER/USDT:USDT', 'BEAT/USDT:USDT', 'TRUTH/USDT:USDT', 'LRC/USDT:USDT', 'LUNA2/USDT:USDT', 'ZEC/USDT:USDT']
2025-12-11 21:32:59,208 - trading_bot - INFO - 🔄 [周期扫描] 执行分钟级扫描任务...
2025-12-11 21:33:03,804 - trading_bot - INFO - 当前监控列表 (7): ['LIGHT/USDT:USDT', 'POWER/USDT:USDT', 'BEAT/USDT:USDT', 'TRUTH/USDT:USDT', 'LRC/USDT:USDT', 'LUNA2/USDT:USDT', 'ZEC/USDT:USDT']
2025-12-11 21:33:59,234 - trading_bot - INFO - 🔄 [周期扫描] 执行分钟级扫描任务...
2025-12-11 21:34:03,765 - trading_bot - INFO - 当前监控列表 (7): ['LIGHT/USDT:USDT', 'POWER/USDT:USDT', 'BEAT/USDT:USDT', 'TRUTH/USDT:USDT', 'LRC/USDT:USDT', 'LUNA2/USDT:USDT', 'ZEC/USDT:USDT']
2025-12-11 21:34:59,395 - trading_bot - INFO - 🔄 [周期扫描] 执行分钟级扫描任务...
2025-12-11 21:35:03,856 - trading_bot - INFO - 当前监控列表 (7): ['LIGHT/USDT:USDT', 'POWER/USDT:USDT', 'BEAT/USDT:USDT', 'TRUTH/USDT:USDT', 'LRC/USDT:USDT', 'LUNA2/USDT:USDT', 'ZEC/USDT:USDT']
2025-12-11 21:35:59,546 - trading_bot - INFO - 🔄 [周期扫描] 执行分钟级扫描任务...
2025-12-11 21:36:03,809 - trading_bot - INFO - 当前监控列表 (7): ['LIGHT/USDT:USDT', 'POWER/USDT:USDT', 'BEAT/USDT:USDT', 'TRUTH/USDT:USDT', 'LRC/USDT:USDT', 'LUNA2/USDT:USDT', 'ZEC/USDT:USDT']
2025-12-11 21:36:59,624 - trading_bot - INFO - 🔄 [周期扫描] 执行分钟级扫描任务...
2025-12-11 21:37:04,076 - trading_bot - INFO - 当前监控列表 (7): ['LIGHT/USDT:USDT', 'POWER/USDT:USDT', 'BEAT/USDT:USDT', 'TRUTH/USDT:USDT', 'LRC/USDT:USDT', 'LUNA2/USDT:USDT', 'ZEC/USDT:USDT']
